<?xml version="1.0" encoding="UTF-8"?>
<testsuite xmlns:xsi="http://www.w3.org/2001/XMLSchema-instance" xsi:noNamespaceSchemaLocation="https://maven.apache.org/surefire/maven-surefire-plugin/xsd/surefire-test-report.xsd" version="3.0.2" name="com.obracerta.crud_usuario.CrudUsuarioApplicationTests" time="19.01" tests="1" errors="0" skipped="0" failures="0">
  <properties>
[...]
</properties>
  <testcase name="contextLoads" classname="com.obracerta.crud_usuario.CrudUsuarioApplicationTests" time="1.225">
    <system-out><![CDATA[15:17:43.646 [main] INFO org.springframework.test.context.support.AnnotationConfigContextLoaderUtils -- Could not detect default configuration classes for test class [com.obracerta.crud_usuario.CrudUsuarioApplicationTests]: CrudUsuarioApplicationTests does not declare any static, non-private, non-final, nested classes annotated with @Configuration.
15:17:44.248 [main] INFO org.springframework.boot.test.context.SpringBootTestContextBootstrapper -- Found @SpringBootConfiguration com.obracerta.crud_usuario.CrudUsuarioApplication for test class com.obracerta.crud_usuario.CrudUsuarioApplicationTests

  .   ____          _            __ _ _
 /\\ / ___'_ __ _ _(_)_ __  __ _ \ \ \ \
( ( )\___ | '_ | '_| | '_ \/ _` | \ \ \ \
 \\/  ___)| |_)| | | | | || (_| |  ) ) ) )
  '  |____| .__|_| |_|_| |_\__, | / / / /
 =========|_|==============|___/=/_/_/_/

 :: Spring Boot ::                (v3.5.7)

2025-11-15T15:17:46.500-03:00  INFO 10812 --- [crud-usuario] [           main] c.o.c.CrudUsuarioApplicationTests        : Starting CrudUsuarioApplicationTests using Java 23.0.2 with PID 10812 (started by Kaique Henrique in c:\Users\Kaique Henrique\Downloads\crud-usuario\crud-usuario)
2025-11-15T15:17:46.504-03:00  INFO 10812 --- [crud-usuario] [           main] c.o.c.CrudUsuarioApplicationTests        : No active profile set, falling back to 1 default profile: "default"
2025-11-15T15:17:50.066-03:00  INFO 10812 --- [crud-usuario] [           main] .s.d.r.c.RepositoryConfigurationDelegate : Bootstrapping Spring Data JPA repositories in DEFAULT mode.
2025-11-15T15:17:50.250-03:00  INFO 10812 --- [crud-usuario] [           main] .s.d.r.c.RepositoryConfigurationDelegate : Finished Spring Data repository scanning in 150 ms. Found 1 JPA repository interface.
2025-11-15T15:17:52.259-03:00  INFO 10812 --- [crud-usuario] [           main] o.hibernate.jpa.internal.util.LogHelper  : HHH000204: Processing PersistenceUnitInfo [name: default]
2025-11-15T15:17:52.499-03:00  INFO 10812 --- [crud-usuario] [           main] org.hibernate.Version                    : HHH000412: Hibernate ORM core version 6.6.33.Final
2025-11-15T15:17:52.596-03:00  INFO 10812 --- [crud-usuario] [           main] o.h.c.internal.RegionFactoryInitiator    : HHH000026: Second-level cache disabled
2025-11-15T15:17:53.800-03:00  INFO 10812 --- [crud-usuario] [           main] o.s.o.j.p.SpringPersistenceUnitInfo      : No LoadTimeWeaver setup: ignoring JPA class transformer
2025-11-15T15:17:53.985-03:00  INFO 10812 --- [crud-usuario] [           main] com.zaxxer.hikari.HikariDataSource       : HikariPool-1 - Starting...
2025-11-15T15:17:54.518-03:00  INFO 10812 --- [crud-usuario] [           main] com.zaxxer.hikari.pool.HikariPool        : HikariPool-1 - Added connection conn0: url=jdbc:h2:mem:testdb user=SA
2025-11-15T15:17:54.524-03:00  INFO 10812 --- [crud-usuario] [           main] com.zaxxer.hikari.HikariDataSource       : HikariPool-1 - Start completed.
2025-11-15T15:17:54.784-03:00  INFO 10812 --- [crud-usuario] [           main] org.hibernate.orm.connections.pooling    : HHH10001005: Database info:
	Database JDBC URL [Connecting through datasource 'HikariDataSource (HikariPool-1)']
	Database driver: undefined/unknown
	Database version: 2.3.232
	Autocommit mode: undefined/unknown
	Isolation level: undefined/unknown
	Minimum pool size: undefined/unknown
	Maximum pool size: undefined/unknown
2025-11-15T15:17:56.625-03:00  INFO 10812 --- [crud-usuario] [           main] o.h.e.t.j.p.i.JtaPlatformInitiator       : HHH000489: No JTA platform available (set 'hibernate.transaction.jta.platform' to enable JTA platform integration)
Hibernate: create table usuarios (id bigint generated by default as identity, email varchar(255), nome varchar(255), senha varchar(255), primary key (id))
2025-11-15T15:17:56.805-03:00  INFO 10812 --- [crud-usuario] [           main] j.LocalContainerEntityManagerFactoryBean : Initialized JPA EntityManagerFactory for persistence unit 'default'
2025-11-15T15:17:57.824-03:00  INFO 10812 --- [crud-usuario] [           main] r$InitializeUserDetailsManagerConfigurer : Global AuthenticationManager configured with UserDetailsService bean with name autenticacaoService
2025-11-15T15:17:57.985-03:00  WARN 10812 --- [crud-usuario] [           main] JpaBaseConfiguration$JpaWebConfiguration : spring.jpa.open-in-view is enabled by default. Therefore, database queries may be performed during view rendering. Explicitly configure spring.jpa.open-in-view to disable this warning
2025-11-15T15:17:59.345-03:00 DEBUG 10812 --- [crud-usuario] [           main] o.s.s.web.DefaultSecurityFilterChain     : Will secure any request with filters: DisableEncodeUrlFilter, WebAsyncManagerIntegrationFilter, SecurityContextHolderFilter, HeaderWriterFilter, LogoutFilter, RequestCacheAwareFilter, SecurityContextHolderAwareRequestFilter, AnonymousAuthenticationFilter, SessionManagementFilter, ExceptionTranslationFilter, AuthorizationFilter
2025-11-15T15:18:00.353-03:00  INFO 10812 --- [crud-usuario] [           main] o.s.b.a.h2.H2ConsoleAutoConfiguration    : H2 console available at '/h2-console'. Database available at 'jdbc:h2:mem:testdb'
2025-11-15T15:18:00.593-03:00  INFO 10812 --- [crud-usuario] [           main] c.o.c.CrudUsuarioApplicationTests        : Started CrudUsuarioApplicationTests in 15.442 seconds (process running for 19.399)
]]></system-out>
    <system-err><![CDATA[Mockito is currently self-attaching to enable the inline-mock-maker. This will no longer work in future releases of the JDK. Please add Mockito as an agent to your build as described in Mockito's documentation: https://javadoc.io/doc/org.mockito/mockito-core/latest/org.mockito/org/mockito/Mockito.html#0.3
WARNING: A Java agent has been loaded dynamically (C:\Users\Kaique Henrique\.m2\repository\net\bytebuddy\byte-buddy-agent\1.17.8\byte-buddy-agent-1.17.8.jar)
WARNING: If a serviceability tool is in use, please run with -XX:+EnableDynamicAgentLoading to hide this warning
WARNING: If a serviceability tool is not in use, please run with -Djdk.instrument.traceUsage for more information
WARNING: Dynamic loading of agents will be disallowed by default in a future release
]]></system-err>
  </testcase>
</testsuite>